GROUP,PACKAGE,CLASS,INSTRUCTION_MISSED,INSTRUCTION_COVERED,BRANCH_MISSED,BRANCH_COVERED,LINE_MISSED,LINE_COVERED,COMPLEXITY_MISSED,COMPLEXITY_COVERED,METHOD_MISSED,METHOD_COVERED
s0,edu.brown.cs.student.main.CSVParser,CSVParser,0,136,0,14,0,35,0,11,0,4
s0,edu.brown.cs.student.main,Main,263,0,24,0,92,0,15,0,3,0
s0,edu.brown.cs.student.main.Exceptions,MalformedRowsException,0,10,0,0,0,4,0,2,0,2
s0,edu.brown.cs.student.main.Exceptions,FactoryFailureException,3,10,0,0,1,3,1,1,1,1
s0,edu.brown.cs.student.main.SearchUtility,SearchStrategy,0,8,0,0,0,2,0,2,0,2
s0,edu.brown.cs.student.main.SearchUtility,Search,0,172,0,18,0,37,0,14,0,5
