<?xml version="1.0" encoding="UTF-8"?>
<testsuite xmlns:xsi="http://www.w3.org/2001/XMLSchema-instance" xsi:noNamespaceSchemaLocation="https://maven.apache.org/surefire/maven-surefire-plugin/xsd/surefire-test-report-3.0.xsd" version="3.0" name="edu.brown.cs.student.TestSearch" time="0.03" tests="21" errors="0" skipped="0" failures="0">
  <properties>
[...]
</properties>
  <testcase name="testIndexOutOfBoundsTooLarge" classname="edu.brown.cs.student.TestSearch" time="0.007"/>
  <testcase name="testHeaderNonExistent" classname="edu.brown.cs.student.TestSearch" time="0.001"/>
  <testcase name="testFileExistsOutsideFolder" classname="edu.brown.cs.student.TestSearch" time="0.001"/>
  <testcase name="testItemPresentDifferentHeader" classname="edu.brown.cs.student.TestSearch" time="0.001"/>
  <testcase name="testInjectionDefense" classname="edu.brown.cs.student.TestSearch" time="0.001"/>
  <testcase name="testItemNotPresentHeader" classname="edu.brown.cs.student.TestSearch" time="0.001"/>
  <testcase name="testFileDoesNotExist" classname="edu.brown.cs.student.TestSearch" time="0"/>
  <testcase name="testHeaderSearchCaseInsensitivity" classname="edu.brown.cs.student.TestSearch" time="0"/>
  <testcase name="testIndexNegative" classname="edu.brown.cs.student.TestSearch" time="0.001"/>
  <testcase name="testItemPresentIndex" classname="edu.brown.cs.student.TestSearch" time="0.001"/>
  <testcase name="testItemPresentInHeader" classname="edu.brown.cs.student.TestSearch" time="0"/>
  <testcase name="testItemPresentDifferentIndex" classname="edu.brown.cs.student.TestSearch" time="0"/>
  <testcase name="testFileInSubfolder" classname="edu.brown.cs.student.TestSearch" time="0"/>
  <testcase name="testItemPresentHeaderSearch" classname="edu.brown.cs.student.TestSearch" time="0"/>
  <testcase name="testCaseInsensitivity" classname="edu.brown.cs.student.TestSearch" time="0"/>
  <testcase name="testItemPresentNoColumn" classname="edu.brown.cs.student.TestSearch" time="0.001"/>
  <testcase name="testItemNotPresentNoColumn" classname="edu.brown.cs.student.TestSearch" time="0.001"/>
  <testcase name="testSubstring" classname="edu.brown.cs.student.TestSearch" time="0"/>
  <testcase name="testSearchWhitespace" classname="edu.brown.cs.student.TestSearch" time="0.003"/>
  <testcase name="testSearchEmptyString" classname="edu.brown.cs.student.TestSearch" time="0"/>
  <testcase name="testItemNotPresentIndex" classname="edu.brown.cs.student.TestSearch" time="0.002"/>
</testsuite>